[02-Mar-2020 22:05:27 America/Los_Angeles] PHP Warning:  Use of undefined constant url - assumed 'url' (this will throw an Error in a future version of PHP) in C:\xampp\htdocs\phase3\popular_sites.php on line 49
[02-Mar-2020 22:05:27 America/Los_Angeles] PHP Warning:  Use of undefined constant frequency - assumed 'frequency' (this will throw an Error in a future version of PHP) in C:\xampp\htdocs\phase3\popular_sites.php on line 50
[02-Mar-2020 22:05:27 America/Los_Angeles] PHP Warning:  Use of undefined constant url - assumed 'url' (this will throw an Error in a future version of PHP) in C:\xampp\htdocs\phase3\popular_sites.php on line 49
[02-Mar-2020 22:05:27 America/Los_Angeles] PHP Warning:  Use of undefined constant frequency - assumed 'frequency' (this will throw an Error in a future version of PHP) in C:\xampp\htdocs\phase3\popular_sites.php on line 50
[02-Mar-2020 22:05:27 America/Los_Angeles] PHP Warning:  Use of undefined constant url - assumed 'url' (this will throw an Error in a future version of PHP) in C:\xampp\htdocs\phase3\popular_sites.php on line 49
[02-Mar-2020 22:05:27 America/Los_Angeles] PHP Warning:  Use of undefined constant frequency - assumed 'frequency' (this will throw an Error in a future version of PHP) in C:\xampp\htdocs\phase3\popular_sites.php on line 50
[02-Mar-2020 22:05:27 America/Los_Angeles] PHP Warning:  Use of undefined constant url - assumed 'url' (this will throw an Error in a future version of PHP) in C:\xampp\htdocs\phase3\popular_sites.php on line 49
[02-Mar-2020 22:05:27 America/Los_Angeles] PHP Warning:  Use of undefined constant frequency - assumed 'frequency' (this will throw an Error in a future version of PHP) in C:\xampp\htdocs\phase3\popular_sites.php on line 50
[02-Mar-2020 22:05:27 America/Los_Angeles] PHP Warning:  Use of undefined constant url - assumed 'url' (this will throw an Error in a future version of PHP) in C:\xampp\htdocs\phase3\popular_sites.php on line 49
[02-Mar-2020 22:05:27 America/Los_Angeles] PHP Warning:  Use of undefined constant frequency - assumed 'frequency' (this will throw an Error in a future version of PHP) in C:\xampp\htdocs\phase3\popular_sites.php on line 50
[02-Mar-2020 22:05:27 America/Los_Angeles] PHP Warning:  Use of undefined constant url - assumed 'url' (this will throw an Error in a future version of PHP) in C:\xampp\htdocs\phase3\popular_sites.php on line 49
[02-Mar-2020 22:05:27 America/Los_Angeles] PHP Warning:  Use of undefined constant frequency - assumed 'frequency' (this will throw an Error in a future version of PHP) in C:\xampp\htdocs\phase3\popular_sites.php on line 50
[02-Mar-2020 22:05:27 America/Los_Angeles] PHP Warning:  Use of undefined constant url - assumed 'url' (this will throw an Error in a future version of PHP) in C:\xampp\htdocs\phase3\popular_sites.php on line 49
[02-Mar-2020 22:05:27 America/Los_Angeles] PHP Warning:  Use of undefined constant frequency - assumed 'frequency' (this will throw an Error in a future version of PHP) in C:\xampp\htdocs\phase3\popular_sites.php on line 50
[02-Mar-2020 22:05:27 America/Los_Angeles] PHP Warning:  Use of undefined constant url - assumed 'url' (this will throw an Error in a future version of PHP) in C:\xampp\htdocs\phase3\popular_sites.php on line 49
[02-Mar-2020 22:05:27 America/Los_Angeles] PHP Warning:  Use of undefined constant frequency - assumed 'frequency' (this will throw an Error in a future version of PHP) in C:\xampp\htdocs\phase3\popular_sites.php on line 50
[02-Mar-2020 22:05:27 America/Los_Angeles] PHP Warning:  Use of undefined constant url - assumed 'url' (this will throw an Error in a future version of PHP) in C:\xampp\htdocs\phase3\popular_sites.php on line 49
[02-Mar-2020 22:05:27 America/Los_Angeles] PHP Warning:  Use of undefined constant frequency - assumed 'frequency' (this will throw an Error in a future version of PHP) in C:\xampp\htdocs\phase3\popular_sites.php on line 50
[02-Mar-2020 22:05:27 America/Los_Angeles] PHP Warning:  Use of undefined constant url - assumed 'url' (this will throw an Error in a future version of PHP) in C:\xampp\htdocs\phase3\popular_sites.php on line 49
[02-Mar-2020 22:05:27 America/Los_Angeles] PHP Warning:  Use of undefined constant frequency - assumed 'frequency' (this will throw an Error in a future version of PHP) in C:\xampp\htdocs\phase3\popular_sites.php on line 50
[02-Mar-2020 22:05:27 America/Los_Angeles] PHP Warning:  Use of undefined constant url - assumed 'url' (this will throw an Error in a future version of PHP) in C:\xampp\htdocs\phase3\popular_sites.php on line 49
[02-Mar-2020 22:05:27 America/Los_Angeles] PHP Warning:  Use of undefined constant frequency - assumed 'frequency' (this will throw an Error in a future version of PHP) in C:\xampp\htdocs\phase3\popular_sites.php on line 50
[02-Mar-2020 22:05:30 America/Los_Angeles] PHP Notice:  Undefined index: keyword in C:\xampp\htdocs\phase3\search_pushpin.php on line 12
[02-Mar-2020 22:05:30 America/Los_Angeles] PHP Warning:  Use of undefined constant first_name - assumed 'first_name' (this will throw an Error in a future version of PHP) in C:\xampp\htdocs\phase3\search_pushpin.php on line 88
[02-Mar-2020 22:05:30 America/Los_Angeles] PHP Warning:  Use of undefined constant last_name - assumed 'last_name' (this will throw an Error in a future version of PHP) in C:\xampp\htdocs\phase3\search_pushpin.php on line 88
[02-Mar-2020 22:05:30 America/Los_Angeles] PHP Warning:  Use of undefined constant description - assumed 'description' (this will throw an Error in a future version of PHP) in C:\xampp\htdocs\phase3\search_pushpin.php on line 90
[02-Mar-2020 22:05:30 America/Los_Angeles] PHP Warning:  Use of undefined constant first_name - assumed 'first_name' (this will throw an Error in a future version of PHP) in C:\xampp\htdocs\phase3\search_pushpin.php on line 88
[02-Mar-2020 22:05:30 America/Los_Angeles] PHP Warning:  Use of undefined constant last_name - assumed 'last_name' (this will throw an Error in a future version of PHP) in C:\xampp\htdocs\phase3\search_pushpin.php on line 88
[02-Mar-2020 22:05:30 America/Los_Angeles] PHP Warning:  Use of undefined constant description - assumed 'description' (this will throw an Error in a future version of PHP) in C:\xampp\htdocs\phase3\search_pushpin.php on line 90
[02-Mar-2020 22:05:30 America/Los_Angeles] PHP Warning:  Use of undefined constant first_name - assumed 'first_name' (this will throw an Error in a future version of PHP) in C:\xampp\htdocs\phase3\search_pushpin.php on line 88
[02-Mar-2020 22:05:30 America/Los_Angeles] PHP Warning:  Use of undefined constant last_name - assumed 'last_name' (this will throw an Error in a future version of PHP) in C:\xampp\htdocs\phase3\search_pushpin.php on line 88
[02-Mar-2020 22:05:30 America/Los_Angeles] PHP Warning:  Use of undefined constant description - assumed 'description' (this will throw an Error in a future version of PHP) in C:\xampp\htdocs\phase3\search_pushpin.php on line 90
[02-Mar-2020 22:05:30 America/Los_Angeles] PHP Warning:  Use of undefined constant first_name - assumed 'first_name' (this will throw an Error in a future version of PHP) in C:\xampp\htdocs\phase3\search_pushpin.php on line 88
[02-Mar-2020 22:05:30 America/Los_Angeles] PHP Warning:  Use of undefined constant last_name - assumed 'last_name' (this will throw an Error in a future version of PHP) in C:\xampp\htdocs\phase3\search_pushpin.php on line 88
[02-Mar-2020 22:05:30 America/Los_Angeles] PHP Warning:  Use of undefined constant description - assumed 'description' (this will throw an Error in a future version of PHP) in C:\xampp\htdocs\phase3\search_pushpin.php on line 90
[02-Mar-2020 22:05:30 America/Los_Angeles] PHP Warning:  Use of undefined constant first_name - assumed 'first_name' (this will throw an Error in a future version of PHP) in C:\xampp\htdocs\phase3\search_pushpin.php on line 88
[02-Mar-2020 22:05:30 America/Los_Angeles] PHP Warning:  Use of undefined constant last_name - assumed 'last_name' (this will throw an Error in a future version of PHP) in C:\xampp\htdocs\phase3\search_pushpin.php on line 88
[02-Mar-2020 22:05:30 America/Los_Angeles] PHP Warning:  Use of undefined constant description - assumed 'description' (this will throw an Error in a future version of PHP) in C:\xampp\htdocs\phase3\search_pushpin.php on line 90
[02-Mar-2020 22:05:30 America/Los_Angeles] PHP Warning:  Use of undefined constant first_name - assumed 'first_name' (this will throw an Error in a future version of PHP) in C:\xampp\htdocs\phase3\search_pushpin.php on line 88
[02-Mar-2020 22:05:30 America/Los_Angeles] PHP Warning:  Use of undefined constant last_name - assumed 'last_name' (this will throw an Error in a future version of PHP) in C:\xampp\htdocs\phase3\search_pushpin.php on line 88
[02-Mar-2020 22:05:30 America/Los_Angeles] PHP Warning:  Use of undefined constant description - assumed 'description' (this will throw an Error in a future version of PHP) in C:\xampp\htdocs\phase3\search_pushpin.php on line 90
[02-Mar-2020 22:05:30 America/Los_Angeles] PHP Warning:  Use of undefined constant first_name - assumed 'first_name' (this will throw an Error in a future version of PHP) in C:\xampp\htdocs\phase3\search_pushpin.php on line 88
[02-Mar-2020 22:05:30 America/Los_Angeles] PHP Warning:  Use of undefined constant last_name - assumed 'last_name' (this will throw an Error in a future version of PHP) in C:\xampp\htdocs\phase3\search_pushpin.php on line 88
[02-Mar-2020 22:05:30 America/Los_Angeles] PHP Warning:  Use of undefined constant description - assumed 'description' (this will throw an Error in a future version of PHP) in C:\xampp\htdocs\phase3\search_pushpin.php on line 90
[02-Mar-2020 22:05:30 America/Los_Angeles] PHP Warning:  Use of undefined constant first_name - assumed 'first_name' (this will throw an Error in a future version of PHP) in C:\xampp\htdocs\phase3\search_pushpin.php on line 88
[02-Mar-2020 22:05:30 America/Los_Angeles] PHP Warning:  Use of undefined constant last_name - assumed 'last_name' (this will throw an Error in a future version of PHP) in C:\xampp\htdocs\phase3\search_pushpin.php on line 88
[02-Mar-2020 22:05:30 America/Los_Angeles] PHP Warning:  Use of undefined constant description - assumed 'description' (this will throw an Error in a future version of PHP) in C:\xampp\htdocs\phase3\search_pushpin.php on line 90
[02-Mar-2020 22:05:30 America/Los_Angeles] PHP Warning:  Use of undefined constant first_name - assumed 'first_name' (this will throw an Error in a future version of PHP) in C:\xampp\htdocs\phase3\search_pushpin.php on line 88
[02-Mar-2020 22:05:30 America/Los_Angeles] PHP Warning:  Use of undefined constant last_name - assumed 'last_name' (this will throw an Error in a future version of PHP) in C:\xampp\htdocs\phase3\search_pushpin.php on line 88
[02-Mar-2020 22:05:30 America/Los_Angeles] PHP Warning:  Use of undefined constant description - assumed 'description' (this will throw an Error in a future version of PHP) in C:\xampp\htdocs\phase3\search_pushpin.php on line 90
[02-Mar-2020 22:05:30 America/Los_Angeles] PHP Warning:  Use of undefined constant first_name - assumed 'first_name' (this will throw an Error in a future version of PHP) in C:\xampp\htdocs\phase3\search_pushpin.php on line 88
[02-Mar-2020 22:05:30 America/Los_Angeles] PHP Warning:  Use of undefined constant last_name - assumed 'last_name' (this will throw an Error in a future version of PHP) in C:\xampp\htdocs\phase3\search_pushpin.php on line 88
[02-Mar-2020 22:05:30 America/Los_Angeles] PHP Warning:  Use of undefined constant description - assumed 'description' (this will throw an Error in a future version of PHP) in C:\xampp\htdocs\phase3\search_pushpin.php on line 90
[02-Mar-2020 22:05:30 America/Los_Angeles] PHP Warning:  Use of undefined constant first_name - assumed 'first_name' (this will throw an Error in a future version of PHP) in C:\xampp\htdocs\phase3\search_pushpin.php on line 88
[02-Mar-2020 22:05:30 America/Los_Angeles] PHP Warning:  Use of undefined constant last_name - assumed 'last_name' (this will throw an Error in a future version of PHP) in C:\xampp\htdocs\phase3\search_pushpin.php on line 88
[02-Mar-2020 22:05:30 America/Los_Angeles] PHP Warning:  Use of undefined constant description - assumed 'description' (this will throw an Error in a future version of PHP) in C:\xampp\htdocs\phase3\search_pushpin.php on line 90
[02-Mar-2020 22:05:33 America/Los_Angeles] PHP Notice:  Undefined index: keyword in C:\xampp\htdocs\phase3\search_pushpin.php on line 12
[02-Mar-2020 22:05:33 America/Los_Angeles] PHP Warning:  Use of undefined constant first_name - assumed 'first_name' (this will throw an Error in a future version of PHP) in C:\xampp\htdocs\phase3\search_pushpin.php on line 88
[02-Mar-2020 22:05:33 America/Los_Angeles] PHP Warning:  Use of undefined constant last_name - assumed 'last_name' (this will throw an Error in a future version of PHP) in C:\xampp\htdocs\phase3\search_pushpin.php on line 88
[02-Mar-2020 22:05:33 America/Los_Angeles] PHP Warning:  Use of undefined constant description - assumed 'description' (this will throw an Error in a future version of PHP) in C:\xampp\htdocs\phase3\search_pushpin.php on line 90
[02-Mar-2020 22:05:33 America/Los_Angeles] PHP Warning:  Use of undefined constant first_name - assumed 'first_name' (this will throw an Error in a future version of PHP) in C:\xampp\htdocs\phase3\search_pushpin.php on line 88
[02-Mar-2020 22:05:34 America/Los_Angeles] PHP Warning:  Use of undefined constant last_name - assumed 'last_name' (this will throw an Error in a future version of PHP) in C:\xampp\htdocs\phase3\search_pushpin.php on line 88
[02-Mar-2020 22:05:34 America/Los_Angeles] PHP Warning:  Use of undefined constant description - assumed 'description' (this will throw an Error in a future version of PHP) in C:\xampp\htdocs\phase3\search_pushpin.php on line 90
[02-Mar-2020 22:05:34 America/Los_Angeles] PHP Warning:  Use of undefined constant first_name - assumed 'first_name' (this will throw an Error in a future version of PHP) in C:\xampp\htdocs\phase3\search_pushpin.php on line 88
[02-Mar-2020 22:05:34 America/Los_Angeles] PHP Warning:  Use of undefined constant last_name - assumed 'last_name' (this will throw an Error in a future version of PHP) in C:\xampp\htdocs\phase3\search_pushpin.php on line 88
[02-Mar-2020 22:05:34 America/Los_Angeles] PHP Warning:  Use of undefined constant description - assumed 'description' (this will throw an Error in a future version of PHP) in C:\xampp\htdocs\phase3\search_pushpin.php on line 90
[02-Mar-2020 22:05:34 America/Los_Angeles] PHP Warning:  Use of undefined constant first_name - assumed 'first_name' (this will throw an Error in a future version of PHP) in C:\xampp\htdocs\phase3\search_pushpin.php on line 88
[02-Mar-2020 22:05:34 America/Los_Angeles] PHP Warning:  Use of undefined constant last_name - assumed 'last_name' (this will throw an Error in a future version of PHP) in C:\xampp\htdocs\phase3\search_pushpin.php on line 88
[02-Mar-2020 22:05:34 America/Los_Angeles] PHP Warning:  Use of undefined constant description - assumed 'description' (this will throw an Error in a future version of PHP) in C:\xampp\htdocs\phase3\search_pushpin.php on line 90
[02-Mar-2020 22:05:34 America/Los_Angeles] PHP Warning:  Use of undefined constant first_name - assumed 'first_name' (this will throw an Error in a future version of PHP) in C:\xampp\htdocs\phase3\search_pushpin.php on line 88
[02-Mar-2020 22:05:34 America/Los_Angeles] PHP Warning:  Use of undefined constant last_name - assumed 'last_name' (this will throw an Error in a future version of PHP) in C:\xampp\htdocs\phase3\search_pushpin.php on line 88
[02-Mar-2020 22:05:34 America/Los_Angeles] PHP Warning:  Use of undefined constant description - assumed 'description' (this will throw an Error in a future version of PHP) in C:\xampp\htdocs\phase3\search_pushpin.php on line 90
[02-Mar-2020 22:05:34 America/Los_Angeles] PHP Warning:  Use of undefined constant first_name - assumed 'first_name' (this will throw an Error in a future version of PHP) in C:\xampp\htdocs\phase3\search_pushpin.php on line 88
[02-Mar-2020 22:05:34 America/Los_Angeles] PHP Warning:  Use of undefined constant last_name - assumed 'last_name' (this will throw an Error in a future version of PHP) in C:\xampp\htdocs\phase3\search_pushpin.php on line 88
[02-Mar-2020 22:05:34 America/Los_Angeles] PHP Warning:  Use of undefined constant description - assumed 'description' (this will throw an Error in a future version of PHP) in C:\xampp\htdocs\phase3\search_pushpin.php on line 90
[02-Mar-2020 22:05:34 America/Los_Angeles] PHP Warning:  Use of undefined constant first_name - assumed 'first_name' (this will throw an Error in a future version of PHP) in C:\xampp\htdocs\phase3\search_pushpin.php on line 88
[02-Mar-2020 22:05:34 America/Los_Angeles] PHP Warning:  Use of undefined constant last_name - assumed 'last_name' (this will throw an Error in a future version of PHP) in C:\xampp\htdocs\phase3\search_pushpin.php on line 88
[02-Mar-2020 22:05:34 America/Los_Angeles] PHP Warning:  Use of undefined constant description - assumed 'description' (this will throw an Error in a future version of PHP) in C:\xampp\htdocs\phase3\search_pushpin.php on line 90
[02-Mar-2020 22:05:34 America/Los_Angeles] PHP Warning:  Use of undefined constant first_name - assumed 'first_name' (this will throw an Error in a future version of PHP) in C:\xampp\htdocs\phase3\search_pushpin.php on line 88
[02-Mar-2020 22:05:34 America/Los_Angeles] PHP Warning:  Use of undefined constant last_name - assumed 'last_name' (this will throw an Error in a future version of PHP) in C:\xampp\htdocs\phase3\search_pushpin.php on line 88
[02-Mar-2020 22:05:34 America/Los_Angeles] PHP Warning:  Use of undefined constant description - assumed 'description' (this will throw an Error in a future version of PHP) in C:\xampp\htdocs\phase3\search_pushpin.php on line 90
[02-Mar-2020 22:05:34 America/Los_Angeles] PHP Warning:  Use of undefined constant first_name - assumed 'first_name' (this will throw an Error in a future version of PHP) in C:\xampp\htdocs\phase3\search_pushpin.php on line 88
[02-Mar-2020 22:05:34 America/Los_Angeles] PHP Warning:  Use of undefined constant last_name - assumed 'last_name' (this will throw an Error in a future version of PHP) in C:\xampp\htdocs\phase3\search_pushpin.php on line 88
[02-Mar-2020 22:05:34 America/Los_Angeles] PHP Warning:  Use of undefined constant description - assumed 'description' (this will throw an Error in a future version of PHP) in C:\xampp\htdocs\phase3\search_pushpin.php on line 90
[02-Mar-2020 22:05:34 America/Los_Angeles] PHP Warning:  Use of undefined constant first_name - assumed 'first_name' (this will throw an Error in a future version of PHP) in C:\xampp\htdocs\phase3\search_pushpin.php on line 88
[02-Mar-2020 22:05:34 America/Los_Angeles] PHP Warning:  Use of undefined constant last_name - assumed 'last_name' (this will throw an Error in a future version of PHP) in C:\xampp\htdocs\phase3\search_pushpin.php on line 88
[02-Mar-2020 22:05:34 America/Los_Angeles] PHP Warning:  Use of undefined constant description - assumed 'description' (this will throw an Error in a future version of PHP) in C:\xampp\htdocs\phase3\search_pushpin.php on line 90
[02-Mar-2020 22:05:34 America/Los_Angeles] PHP Warning:  Use of undefined constant first_name - assumed 'first_name' (this will throw an Error in a future version of PHP) in C:\xampp\htdocs\phase3\search_pushpin.php on line 88
[02-Mar-2020 22:05:34 America/Los_Angeles] PHP Warning:  Use of undefined constant last_name - assumed 'last_name' (this will throw an Error in a future version of PHP) in C:\xampp\htdocs\phase3\search_pushpin.php on line 88
[02-Mar-2020 22:05:34 America/Los_Angeles] PHP Warning:  Use of undefined constant description - assumed 'description' (this will throw an Error in a future version of PHP) in C:\xampp\htdocs\phase3\search_pushpin.php on line 90
[02-Mar-2020 22:05:39 America/Los_Angeles] PHP Warning:  Use of undefined constant first_name - assumed 'first_name' (this will throw an Error in a future version of PHP) in C:\xampp\htdocs\phase3\search_pushpin.php on line 88
[02-Mar-2020 22:05:39 America/Los_Angeles] PHP Warning:  Use of undefined constant last_name - assumed 'last_name' (this will throw an Error in a future version of PHP) in C:\xampp\htdocs\phase3\search_pushpin.php on line 88
[02-Mar-2020 22:05:39 America/Los_Angeles] PHP Warning:  Use of undefined constant description - assumed 'description' (this will throw an Error in a future version of PHP) in C:\xampp\htdocs\phase3\search_pushpin.php on line 90
[02-Mar-2020 22:05:39 America/Los_Angeles] PHP Warning:  Use of undefined constant first_name - assumed 'first_name' (this will throw an Error in a future version of PHP) in C:\xampp\htdocs\phase3\search_pushpin.php on line 88
[02-Mar-2020 22:05:39 America/Los_Angeles] PHP Warning:  Use of undefined constant last_name - assumed 'last_name' (this will throw an Error in a future version of PHP) in C:\xampp\htdocs\phase3\search_pushpin.php on line 88
[02-Mar-2020 22:05:39 America/Los_Angeles] PHP Warning:  Use of undefined constant description - assumed 'description' (this will throw an Error in a future version of PHP) in C:\xampp\htdocs\phase3\search_pushpin.php on line 90
[02-Mar-2020 22:05:39 America/Los_Angeles] PHP Warning:  Use of undefined constant first_name - assumed 'first_name' (this will throw an Error in a future version of PHP) in C:\xampp\htdocs\phase3\search_pushpin.php on line 88
[02-Mar-2020 22:05:39 America/Los_Angeles] PHP Warning:  Use of undefined constant last_name - assumed 'last_name' (this will throw an Error in a future version of PHP) in C:\xampp\htdocs\phase3\search_pushpin.php on line 88
[02-Mar-2020 22:05:39 America/Los_Angeles] PHP Warning:  Use of undefined constant description - assumed 'description' (this will throw an Error in a future version of PHP) in C:\xampp\htdocs\phase3\search_pushpin.php on line 90
[02-Mar-2020 22:05:39 America/Los_Angeles] PHP Warning:  Use of undefined constant first_name - assumed 'first_name' (this will throw an Error in a future version of PHP) in C:\xampp\htdocs\phase3\search_pushpin.php on line 88
[02-Mar-2020 22:05:39 America/Los_Angeles] PHP Warning:  Use of undefined constant last_name - assumed 'last_name' (this will throw an Error in a future version of PHP) in C:\xampp\htdocs\phase3\search_pushpin.php on line 88
[02-Mar-2020 22:05:39 America/Los_Angeles] PHP Warning:  Use of undefined constant description - assumed 'description' (this will throw an Error in a future version of PHP) in C:\xampp\htdocs\phase3\search_pushpin.php on line 90
[02-Mar-2020 22:05:58 America/Los_Angeles] PHP Warning:  Use of undefined constant url - assumed 'url' (this will throw an Error in a future version of PHP) in C:\xampp\htdocs\phase3\popular_sites.php on line 49
[02-Mar-2020 22:05:58 America/Los_Angeles] PHP Warning:  Use of undefined constant frequency - assumed 'frequency' (this will throw an Error in a future version of PHP) in C:\xampp\htdocs\phase3\popular_sites.php on line 50
[02-Mar-2020 22:05:58 America/Los_Angeles] PHP Warning:  Use of undefined constant url - assumed 'url' (this will throw an Error in a future version of PHP) in C:\xampp\htdocs\phase3\popular_sites.php on line 49
[02-Mar-2020 22:05:58 America/Los_Angeles] PHP Warning:  Use of undefined constant frequency - assumed 'frequency' (this will throw an Error in a future version of PHP) in C:\xampp\htdocs\phase3\popular_sites.php on line 50
[02-Mar-2020 22:05:58 America/Los_Angeles] PHP Warning:  Use of undefined constant url - assumed 'url' (this will throw an Error in a future version of PHP) in C:\xampp\htdocs\phase3\popular_sites.php on line 49
[02-Mar-2020 22:05:58 America/Los_Angeles] PHP Warning:  Use of undefined constant frequency - assumed 'frequency' (this will throw an Error in a future version of PHP) in C:\xampp\htdocs\phase3\popular_sites.php on line 50
[02-Mar-2020 22:05:58 America/Los_Angeles] PHP Warning:  Use of undefined constant url - assumed 'url' (this will throw an Error in a future version of PHP) in C:\xampp\htdocs\phase3\popular_sites.php on line 49
[02-Mar-2020 22:05:58 America/Los_Angeles] PHP Warning:  Use of undefined constant frequency - assumed 'frequency' (this will throw an Error in a future version of PHP) in C:\xampp\htdocs\phase3\popular_sites.php on line 50
[02-Mar-2020 22:05:58 America/Los_Angeles] PHP Warning:  Use of undefined constant url - assumed 'url' (this will throw an Error in a future version of PHP) in C:\xampp\htdocs\phase3\popular_sites.php on line 49
[02-Mar-2020 22:05:58 America/Los_Angeles] PHP Warning:  Use of undefined constant frequency - assumed 'frequency' (this will throw an Error in a future version of PHP) in C:\xampp\htdocs\phase3\popular_sites.php on line 50
[02-Mar-2020 22:05:58 America/Los_Angeles] PHP Warning:  Use of undefined constant url - assumed 'url' (this will throw an Error in a future version of PHP) in C:\xampp\htdocs\phase3\popular_sites.php on line 49
[02-Mar-2020 22:05:58 America/Los_Angeles] PHP Warning:  Use of undefined constant frequency - assumed 'frequency' (this will throw an Error in a future version of PHP) in C:\xampp\htdocs\phase3\popular_sites.php on line 50
[02-Mar-2020 22:05:58 America/Los_Angeles] PHP Warning:  Use of undefined constant url - assumed 'url' (this will throw an Error in a future version of PHP) in C:\xampp\htdocs\phase3\popular_sites.php on line 49
[02-Mar-2020 22:05:58 America/Los_Angeles] PHP Warning:  Use of undefined constant frequency - assumed 'frequency' (this will throw an Error in a future version of PHP) in C:\xampp\htdocs\phase3\popular_sites.php on line 50
[02-Mar-2020 22:05:58 America/Los_Angeles] PHP Warning:  Use of undefined constant url - assumed 'url' (this will throw an Error in a future version of PHP) in C:\xampp\htdocs\phase3\popular_sites.php on line 49
[02-Mar-2020 22:05:58 America/Los_Angeles] PHP Warning:  Use of undefined constant frequency - assumed 'frequency' (this will throw an Error in a future version of PHP) in C:\xampp\htdocs\phase3\popular_sites.php on line 50
[02-Mar-2020 22:05:58 America/Los_Angeles] PHP Warning:  Use of undefined constant url - assumed 'url' (this will throw an Error in a future version of PHP) in C:\xampp\htdocs\phase3\popular_sites.php on line 49
[02-Mar-2020 22:05:58 America/Los_Angeles] PHP Warning:  Use of undefined constant frequency - assumed 'frequency' (this will throw an Error in a future version of PHP) in C:\xampp\htdocs\phase3\popular_sites.php on line 50
[02-Mar-2020 22:05:58 America/Los_Angeles] PHP Warning:  Use of undefined constant url - assumed 'url' (this will throw an Error in a future version of PHP) in C:\xampp\htdocs\phase3\popular_sites.php on line 49
[02-Mar-2020 22:05:58 America/Los_Angeles] PHP Warning:  Use of undefined constant frequency - assumed 'frequency' (this will throw an Error in a future version of PHP) in C:\xampp\htdocs\phase3\popular_sites.php on line 50
[02-Mar-2020 22:05:58 America/Los_Angeles] PHP Warning:  Use of undefined constant url - assumed 'url' (this will throw an Error in a future version of PHP) in C:\xampp\htdocs\phase3\popular_sites.php on line 49
[02-Mar-2020 22:05:58 America/Los_Angeles] PHP Warning:  Use of undefined constant frequency - assumed 'frequency' (this will throw an Error in a future version of PHP) in C:\xampp\htdocs\phase3\popular_sites.php on line 50
[02-Mar-2020 22:05:59 America/Los_Angeles] PHP Notice:  session_start(): A session had already been started - ignoring in C:\xampp\htdocs\phase3\statistics.php on line 10
[02-Mar-2020 22:06:02 America/Los_Angeles] PHP Notice:  Undefined index: url in C:\xampp\htdocs\phase3\popular_tags.php on line 45
[02-Mar-2020 22:06:02 America/Los_Angeles] PHP Warning:  Use of undefined constant tag_content - assumed 'tag_content' (this will throw an Error in a future version of PHP) in C:\xampp\htdocs\phase3\popular_tags.php on line 48
[02-Mar-2020 22:06:02 America/Los_Angeles] PHP Warning:  Use of undefined constant frequency - assumed 'frequency' (this will throw an Error in a future version of PHP) in C:\xampp\htdocs\phase3\popular_tags.php on line 50
[02-Mar-2020 22:06:02 America/Los_Angeles] PHP Warning:  Use of undefined constant unique_CorkBoard - assumed 'unique_CorkBoard' (this will throw an Error in a future version of PHP) in C:\xampp\htdocs\phase3\popular_tags.php on line 51
[02-Mar-2020 22:06:02 America/Los_Angeles] PHP Notice:  Undefined index: url in C:\xampp\htdocs\phase3\popular_tags.php on line 45
[02-Mar-2020 22:06:02 America/Los_Angeles] PHP Warning:  Use of undefined constant tag_content - assumed 'tag_content' (this will throw an Error in a future version of PHP) in C:\xampp\htdocs\phase3\popular_tags.php on line 48
[02-Mar-2020 22:06:02 America/Los_Angeles] PHP Warning:  Use of undefined constant frequency - assumed 'frequency' (this will throw an Error in a future version of PHP) in C:\xampp\htdocs\phase3\popular_tags.php on line 50
[02-Mar-2020 22:06:02 America/Los_Angeles] PHP Warning:  Use of undefined constant unique_CorkBoard - assumed 'unique_CorkBoard' (this will throw an Error in a future version of PHP) in C:\xampp\htdocs\phase3\popular_tags.php on line 51
[02-Mar-2020 22:06:02 America/Los_Angeles] PHP Notice:  Undefined index: url in C:\xampp\htdocs\phase3\popular_tags.php on line 45
[02-Mar-2020 22:06:02 America/Los_Angeles] PHP Warning:  Use of undefined constant tag_content - assumed 'tag_content' (this will throw an Error in a future version of PHP) in C:\xampp\htdocs\phase3\popular_tags.php on line 48
[02-Mar-2020 22:06:02 America/Los_Angeles] PHP Warning:  Use of undefined constant frequency - assumed 'frequency' (this will throw an Error in a future version of PHP) in C:\xampp\htdocs\phase3\popular_tags.php on line 50
[02-Mar-2020 22:06:02 America/Los_Angeles] PHP Warning:  Use of undefined constant unique_CorkBoard - assumed 'unique_CorkBoard' (this will throw an Error in a future version of PHP) in C:\xampp\htdocs\phase3\popular_tags.php on line 51
[02-Mar-2020 22:06:02 America/Los_Angeles] PHP Notice:  Undefined index: url in C:\xampp\htdocs\phase3\popular_tags.php on line 45
[02-Mar-2020 22:06:02 America/Los_Angeles] PHP Warning:  Use of undefined constant tag_content - assumed 'tag_content' (this will throw an Error in a future version of PHP) in C:\xampp\htdocs\phase3\popular_tags.php on line 48
[02-Mar-2020 22:06:02 America/Los_Angeles] PHP Warning:  Use of undefined constant frequency - assumed 'frequency' (this will throw an Error in a future version of PHP) in C:\xampp\htdocs\phase3\popular_tags.php on line 50
[02-Mar-2020 22:06:02 America/Los_Angeles] PHP Warning:  Use of undefined constant unique_CorkBoard - assumed 'unique_CorkBoard' (this will throw an Error in a future version of PHP) in C:\xampp\htdocs\phase3\popular_tags.php on line 51
[02-Mar-2020 22:06:02 America/Los_Angeles] PHP Notice:  Undefined index: url in C:\xampp\htdocs\phase3\popular_tags.php on line 45
[02-Mar-2020 22:06:02 America/Los_Angeles] PHP Warning:  Use of undefined constant tag_content - assumed 'tag_content' (this will throw an Error in a future version of PHP) in C:\xampp\htdocs\phase3\popular_tags.php on line 48
[02-Mar-2020 22:06:02 America/Los_Angeles] PHP Warning:  Use of undefined constant frequency - assumed 'frequency' (this will throw an Error in a future version of PHP) in C:\xampp\htdocs\phase3\popular_tags.php on line 50
[02-Mar-2020 22:06:02 America/Los_Angeles] PHP Warning:  Use of undefined constant unique_CorkBoard - assumed 'unique_CorkBoard' (this will throw an Error in a future version of PHP) in C:\xampp\htdocs\phase3\popular_tags.php on line 51
[02-Mar-2020 22:08:53 America/Los_Angeles] PHP Warning:  Use of undefined constant url - assumed 'url' (this will throw an Error in a future version of PHP) in C:\xampp\htdocs\phase3\popular_sites.php on line 49
[02-Mar-2020 22:08:53 America/Los_Angeles] PHP Warning:  Use of undefined constant frequency - assumed 'frequency' (this will throw an Error in a future version of PHP) in C:\xampp\htdocs\phase3\popular_sites.php on line 50
[02-Mar-2020 22:08:53 America/Los_Angeles] PHP Warning:  Use of undefined constant url - assumed 'url' (this will throw an Error in a future version of PHP) in C:\xampp\htdocs\phase3\popular_sites.php on line 49
[02-Mar-2020 22:08:53 America/Los_Angeles] PHP Warning:  Use of undefined constant frequency - assumed 'frequency' (this will throw an Error in a future version of PHP) in C:\xampp\htdocs\phase3\popular_sites.php on line 50
[02-Mar-2020 22:08:53 America/Los_Angeles] PHP Warning:  Use of undefined constant url - assumed 'url' (this will throw an Error in a future version of PHP) in C:\xampp\htdocs\phase3\popular_sites.php on line 49
[02-Mar-2020 22:08:53 America/Los_Angeles] PHP Warning:  Use of undefined constant frequency - assumed 'frequency' (this will throw an Error in a future version of PHP) in C:\xampp\htdocs\phase3\popular_sites.php on line 50
[02-Mar-2020 22:08:53 America/Los_Angeles] PHP Warning:  Use of undefined constant url - assumed 'url' (this will throw an Error in a future version of PHP) in C:\xampp\htdocs\phase3\popular_sites.php on line 49
[02-Mar-2020 22:08:53 America/Los_Angeles] PHP Warning:  Use of undefined constant frequency - assumed 'frequency' (this will throw an Error in a future version of PHP) in C:\xampp\htdocs\phase3\popular_sites.php on line 50
[02-Mar-2020 22:08:53 America/Los_Angeles] PHP Warning:  Use of undefined constant url - assumed 'url' (this will throw an Error in a future version of PHP) in C:\xampp\htdocs\phase3\popular_sites.php on line 49
[02-Mar-2020 22:08:53 America/Los_Angeles] PHP Warning:  Use of undefined constant frequency - assumed 'frequency' (this will throw an Error in a future version of PHP) in C:\xampp\htdocs\phase3\popular_sites.php on line 50
[02-Mar-2020 22:08:53 America/Los_Angeles] PHP Warning:  Use of undefined constant url - assumed 'url' (this will throw an Error in a future version of PHP) in C:\xampp\htdocs\phase3\popular_sites.php on line 49
[02-Mar-2020 22:08:53 America/Los_Angeles] PHP Warning:  Use of undefined constant frequency - assumed 'frequency' (this will throw an Error in a future version of PHP) in C:\xampp\htdocs\phase3\popular_sites.php on line 50
[02-Mar-2020 22:08:53 America/Los_Angeles] PHP Warning:  Use of undefined constant url - assumed 'url' (this will throw an Error in a future version of PHP) in C:\xampp\htdocs\phase3\popular_sites.php on line 49
[02-Mar-2020 22:08:53 America/Los_Angeles] PHP Warning:  Use of undefined constant frequency - assumed 'frequency' (this will throw an Error in a future version of PHP) in C:\xampp\htdocs\phase3\popular_sites.php on line 50
[02-Mar-2020 22:08:53 America/Los_Angeles] PHP Warning:  Use of undefined constant url - assumed 'url' (this will throw an Error in a future version of PHP) in C:\xampp\htdocs\phase3\popular_sites.php on line 49
[02-Mar-2020 22:08:53 America/Los_Angeles] PHP Warning:  Use of undefined constant frequency - assumed 'frequency' (this will throw an Error in a future version of PHP) in C:\xampp\htdocs\phase3\popular_sites.php on line 50
[02-Mar-2020 22:08:53 America/Los_Angeles] PHP Warning:  Use of undefined constant url - assumed 'url' (this will throw an Error in a future version of PHP) in C:\xampp\htdocs\phase3\popular_sites.php on line 49
[02-Mar-2020 22:08:53 America/Los_Angeles] PHP Warning:  Use of undefined constant frequency - assumed 'frequency' (this will throw an Error in a future version of PHP) in C:\xampp\htdocs\phase3\popular_sites.php on line 50
[02-Mar-2020 22:08:53 America/Los_Angeles] PHP Warning:  Use of undefined constant url - assumed 'url' (this will throw an Error in a future version of PHP) in C:\xampp\htdocs\phase3\popular_sites.php on line 49
[02-Mar-2020 22:08:53 America/Los_Angeles] PHP Warning:  Use of undefined constant frequency - assumed 'frequency' (this will throw an Error in a future version of PHP) in C:\xampp\htdocs\phase3\popular_sites.php on line 50
[02-Mar-2020 22:08:53 America/Los_Angeles] PHP Warning:  Use of undefined constant url - assumed 'url' (this will throw an Error in a future version of PHP) in C:\xampp\htdocs\phase3\popular_sites.php on line 49
[02-Mar-2020 22:08:53 America/Los_Angeles] PHP Warning:  Use of undefined constant frequency - assumed 'frequency' (this will throw an Error in a future version of PHP) in C:\xampp\htdocs\phase3\popular_sites.php on line 50
[02-Mar-2020 22:08:55 America/Los_Angeles] PHP Warning:  Use of undefined constant url - assumed 'url' (this will throw an Error in a future version of PHP) in C:\xampp\htdocs\phase3\popular_sites.php on line 49
[02-Mar-2020 22:08:55 America/Los_Angeles] PHP Warning:  Use of undefined constant frequency - assumed 'frequency' (this will throw an Error in a future version of PHP) in C:\xampp\htdocs\phase3\popular_sites.php on line 50
[02-Mar-2020 22:08:55 America/Los_Angeles] PHP Warning:  Use of undefined constant url - assumed 'url' (this will throw an Error in a future version of PHP) in C:\xampp\htdocs\phase3\popular_sites.php on line 49
[02-Mar-2020 22:08:55 America/Los_Angeles] PHP Warning:  Use of undefined constant frequency - assumed 'frequency' (this will throw an Error in a future version of PHP) in C:\xampp\htdocs\phase3\popular_sites.php on line 50
[02-Mar-2020 22:08:55 America/Los_Angeles] PHP Warning:  Use of undefined constant url - assumed 'url' (this will throw an Error in a future version of PHP) in C:\xampp\htdocs\phase3\popular_sites.php on line 49
[02-Mar-2020 22:08:55 America/Los_Angeles] PHP Warning:  Use of undefined constant frequency - assumed 'frequency' (this will throw an Error in a future version of PHP) in C:\xampp\htdocs\phase3\popular_sites.php on line 50
[02-Mar-2020 22:08:55 America/Los_Angeles] PHP Warning:  Use of undefined constant url - assumed 'url' (this will throw an Error in a future version of PHP) in C:\xampp\htdocs\phase3\popular_sites.php on line 49
[02-Mar-2020 22:08:55 America/Los_Angeles] PHP Warning:  Use of undefined constant frequency - assumed 'frequency' (this will throw an Error in a future version of PHP) in C:\xampp\htdocs\phase3\popular_sites.php on line 50
[02-Mar-2020 22:08:55 America/Los_Angeles] PHP Warning:  Use of undefined constant url - assumed 'url' (this will throw an Error in a future version of PHP) in C:\xampp\htdocs\phase3\popular_sites.php on line 49
[02-Mar-2020 22:08:55 America/Los_Angeles] PHP Warning:  Use of undefined constant frequency - assumed 'frequency' (this will throw an Error in a future version of PHP) in C:\xampp\htdocs\phase3\popular_sites.php on line 50
[02-Mar-2020 22:08:55 America/Los_Angeles] PHP Warning:  Use of undefined constant url - assumed 'url' (this will throw an Error in a future version of PHP) in C:\xampp\htdocs\phase3\popular_sites.php on line 49
[02-Mar-2020 22:08:55 America/Los_Angeles] PHP Warning:  Use of undefined constant frequency - assumed 'frequency' (this will throw an Error in a future version of PHP) in C:\xampp\htdocs\phase3\popular_sites.php on line 50
[02-Mar-2020 22:08:55 America/Los_Angeles] PHP Warning:  Use of undefined constant url - assumed 'url' (this will throw an Error in a future version of PHP) in C:\xampp\htdocs\phase3\popular_sites.php on line 49
[02-Mar-2020 22:08:55 America/Los_Angeles] PHP Warning:  Use of undefined constant frequency - assumed 'frequency' (this will throw an Error in a future version of PHP) in C:\xampp\htdocs\phase3\popular_sites.php on line 50
[02-Mar-2020 22:08:55 America/Los_Angeles] PHP Warning:  Use of undefined constant url - assumed 'url' (this will throw an Error in a future version of PHP) in C:\xampp\htdocs\phase3\popular_sites.php on line 49
[02-Mar-2020 22:08:55 America/Los_Angeles] PHP Warning:  Use of undefined constant frequency - assumed 'frequency' (this will throw an Error in a future version of PHP) in C:\xampp\htdocs\phase3\popular_sites.php on line 50
[02-Mar-2020 22:08:55 America/Los_Angeles] PHP Warning:  Use of undefined constant url - assumed 'url' (this will throw an Error in a future version of PHP) in C:\xampp\htdocs\phase3\popular_sites.php on line 49
[02-Mar-2020 22:08:55 America/Los_Angeles] PHP Warning:  Use of undefined constant frequency - assumed 'frequency' (this will throw an Error in a future version of PHP) in C:\xampp\htdocs\phase3\popular_sites.php on line 50
[02-Mar-2020 22:08:55 America/Los_Angeles] PHP Warning:  Use of undefined constant url - assumed 'url' (this will throw an Error in a future version of PHP) in C:\xampp\htdocs\phase3\popular_sites.php on line 49
[02-Mar-2020 22:08:55 America/Los_Angeles] PHP Warning:  Use of undefined constant frequency - assumed 'frequency' (this will throw an Error in a future version of PHP) in C:\xampp\htdocs\phase3\popular_sites.php on line 50
[02-Mar-2020 22:08:55 America/Los_Angeles] PHP Warning:  Use of undefined constant url - assumed 'url' (this will throw an Error in a future version of PHP) in C:\xampp\htdocs\phase3\popular_sites.php on line 49
[02-Mar-2020 22:08:55 America/Los_Angeles] PHP Warning:  Use of undefined constant frequency - assumed 'frequency' (this will throw an Error in a future version of PHP) in C:\xampp\htdocs\phase3\popular_sites.php on line 50
[02-Mar-2020 22:08:56 America/Los_Angeles] PHP Notice:  session_start(): A session had already been started - ignoring in C:\xampp\htdocs\phase3\statistics.php on line 10
